<?xml version="1.0" encoding="UTF-8"?>
<robot generator="Robot 6.0.1 (Python 3.11.0 on win32)" generated="20221115 18:24:22.502" rpa="false" schemaversion="3">
<suite id="s1" name="TC 006 PostRequest ValidateResponse" source="C:\Users\P0107074\PycharmProjects\robotFrameWorkPracticeBeginner\TestCases\TC_006_PostRequest_ValidateResponse.robot">
<test id="s1-t1" name="TC_006 Create new user" line="10">
<kw name="Create Session" library="RequestsLibrary">
<arg>CreateUser</arg>
<arg>${base_url}</arg>
<doc>Create Session: create a HTTP session to a server</doc>
<msg timestamp="20221115 18:24:23.020" level="INFO">Creating Session using : alias=CreateUser, url=https://reqres.in/, headers={},                     cookies={}, auth=None, timeout=None, proxies=None, verify=False,                     debug=0 </msg>
<status status="PASS" starttime="20221115 18:24:23.019" endtime="20221115 18:24:23.020"/>
</kw>
<kw name="Create Dictionary" library="BuiltIn">
<var>&amp;{body}</var>
<arg>name=morpheus</arg>
<arg>job=leader</arg>
<doc>Creates and returns a dictionary based on the given ``items``.</doc>
<msg timestamp="20221115 18:24:23.021" level="INFO">&amp;{body} = { name=morpheus | job=leader }</msg>
<status status="PASS" starttime="20221115 18:24:23.020" endtime="20221115 18:24:23.021"/>
</kw>
<kw name="Evaluate" library="BuiltIn">
<var>${body}</var>
<arg>json.dumps(${body})</arg>
<arg>json</arg>
<doc>Evaluates the given expression in Python and returns the result.</doc>
<msg timestamp="20221115 18:24:23.022" level="INFO">${body} = {"name": "morpheus", "job": "leader"}</msg>
<status status="PASS" starttime="20221115 18:24:23.021" endtime="20221115 18:24:23.022"/>
</kw>
<kw name="Create Dictionary" library="BuiltIn">
<var>&amp;{header}</var>
<arg>Content-Type=application/json</arg>
<doc>Creates and returns a dictionary based on the given ``items``.</doc>
<msg timestamp="20221115 18:24:23.022" level="INFO">&amp;{header} = { Content-Type=application/json }</msg>
<status status="PASS" starttime="20221115 18:24:23.022" endtime="20221115 18:24:23.022"/>
</kw>
<kw name="POST On Session" library="RequestsLibrary">
<var>${response}</var>
<arg>CreateUser</arg>
<arg>api/users</arg>
<arg>data=${body}</arg>
<arg>headers=${header}</arg>
<doc>Sends a POST request on a previously created HTTP Session.</doc>
<msg timestamp="20221115 18:24:23.701" level="INFO">POST Request : url=https://reqres.in/api/users 
 path_url=/api/users 
 headers={'User-Agent': 'python-requests/2.28.1', 'Accept-Encoding': 'gzip, deflate', 'Accept': '*/*', 'Connection': 'keep-alive', 'Content-Type': 'application/json', 'Content-Length': '37'} 
 body={"name": "morpheus", "job": "leader"} 
 </msg>
<msg timestamp="20221115 18:24:23.701" level="INFO">POST Response : url=https://reqres.in/api/users 
 status=201, reason=Created 
 headers={'Date': 'Tue, 15 Nov 2022 10:24:31 GMT', 'Content-Type': 'application/json; charset=utf-8', 'Content-Length': '84', 'Connection': 'keep-alive', 'X-Powered-By': 'Express', 'Access-Control-Allow-Origin': '*', 'Etag': 'W/"54-4V+0ziKp0B8G9yDWHfiMfdX1qOg"', 'Via': '1.1 vegur', 'CF-Cache-Status': 'DYNAMIC', 'Report-To': '{"endpoints":[{"url":"https:\\/\\/a.nel.cloudflare.com\\/report\\/v3?s=rTppNELojz7IW8qm2xHI5Xxb1OUzbYL6QtbxpJjPikf5DsHg3CKyi8Yr%2Fq88daNOU1oXgvNPpcHBupFWZVWQ5URPR0PJyXo4OyX%2FV56spbPnz2QamQjkjL4NAUwLTqdgbcpNIhLx6A%3D%3D"}],"group":"cf-nel","max_age":604800}', 'NEL': '{"success_fraction":0,"report_to":"cf-nel","max_age":604800}', 'Server': 'cloudflare', 'CF-RAY': '76a747118d274b56-SIN'} 
 body={"name":"morpheus","job":"leader","id":"148","createdAt":"2022-11-15T10:24:31.247Z"} 
 </msg>
<msg timestamp="20221115 18:24:23.701" level="INFO">C:\Users\P0107074\AppData\Local\Programs\Python\Python311\Lib\site-packages\urllib3\connectionpool.py:1045: InsecureRequestWarning: Unverified HTTPS request is being made to host 'reqres.in'. Adding certificate verification is strongly advised. See: https://urllib3.readthedocs.io/en/1.26.x/advanced-usage.html#ssl-warnings
  warnings.warn(</msg>
<msg timestamp="20221115 18:24:23.702" level="INFO">${response} = &lt;Response [201]&gt;</msg>
<status status="PASS" starttime="20221115 18:24:23.024" endtime="20221115 18:24:23.702"/>
</kw>
<kw name="Should Be Equal As Strings" library="BuiltIn">
<arg>${response.status_code}</arg>
<arg>201</arg>
<doc>Fails if objects are unequal after converting them to strings.</doc>
<msg timestamp="20221115 18:24:23.703" level="INFO">Argument types are:
&lt;class 'int'&gt;
&lt;class 'str'&gt;</msg>
<status status="PASS" starttime="20221115 18:24:23.702" endtime="20221115 18:24:23.703"/>
</kw>
<status status="PASS" starttime="20221115 18:24:23.019" endtime="20221115 18:24:23.703"/>
</test>
<status status="PASS" starttime="20221115 18:24:22.508" endtime="20221115 18:24:23.704"/>
</suite>
<statistics>
<total>
<stat pass="1" fail="0" skip="0">All Tests</stat>
</total>
<tag>
</tag>
<suite>
<stat pass="1" fail="0" skip="0" id="s1" name="TC 006 PostRequest ValidateResponse">TC 006 PostRequest ValidateResponse</stat>
</suite>
</statistics>
<errors>
</errors>
</robot>
