<?xml version="1.0" encoding="UTF-8"?>
<robot generator="Robot 6.0.1 (Python 3.11.0 on win32)" generated="20221115 17:06:13.309" rpa="false" schemaversion="3">
<suite id="s1" name="TC 003 Get Request Validate Response" source="C:\Users\P0107074\PycharmProjects\robotFrameWorkPracticeBeginner\TestCases\TC_003_Get_Request_Validate_Response.robot">
<test id="s1-t1" name="TC_003_Fetch_Student_Details_By_ID" line="10">
<kw name="Create Session" library="RequestsLibrary">
<arg>FetchData</arg>
<arg>${APP_BASE_URL}</arg>
<doc>Create Session: create a HTTP session to a server</doc>
<msg timestamp="20221115 17:06:13.786" level="INFO">Creating Session using : alias=FetchData, url=http://thetestingworldapi.com/, headers={},                     cookies={}, auth=None, timeout=None, proxies=None, verify=False,                     debug=0 </msg>
<status status="PASS" starttime="20221115 17:06:13.785" endtime="20221115 17:06:13.786"/>
</kw>
<kw name="GET On Session" library="RequestsLibrary">
<var>${Response}</var>
<arg>FetchData</arg>
<arg>api/studentsDetails/${StudentID}</arg>
<doc>Sends a GET request on a previously created HTTP Session.</doc>
<msg timestamp="20221115 17:06:14.276" level="INFO">GET Request : url=http://thetestingworldapi.com/api/studentsDetails/28 (redirected) 
 path_url=/api/studentsDetails/28 
 headers={'User-Agent': 'python-requests/2.28.1', 'Accept-Encoding': 'gzip, deflate', 'Accept': '*/*', 'Connection': 'keep-alive'} 
 body=None 
 </msg>
<msg timestamp="20221115 17:06:14.277" level="INFO">GET Response : url=https://thetestingworldapi.com/api/studentsDetails/28 
 status=200, reason=OK 
 headers={'Cache-Control': 'no-cache', 'Pragma': 'no-cache', 'Content-Type': 'application/json; charset=utf-8', 'Expires': '-1', 'Server': 'Microsoft-IIS/8.5', 'X-AspNet-Version': '4.0.30319', 'X-Powered-By': 'ASP.NET', 'X-Powered-By-Plesk': 'PleskWin', 'Date': 'Tue, 15 Nov 2022 09:06:21 GMT', 'Content-Length': '40'} 
 body={"status":"false","msg":"No data Found"} 
 </msg>
<msg timestamp="20221115 17:06:14.277" level="INFO">C:\Users\P0107074\AppData\Local\Programs\Python\Python311\Lib\site-packages\urllib3\connectionpool.py:1045: InsecureRequestWarning: Unverified HTTPS request is being made to host 'thetestingworldapi.com'. Adding certificate verification is strongly advised. See: https://urllib3.readthedocs.io/en/1.26.x/advanced-usage.html#ssl-warnings
  warnings.warn(</msg>
<msg timestamp="20221115 17:06:14.278" level="INFO">${Response} = &lt;Response [200]&gt;</msg>
<status status="PASS" starttime="20221115 17:06:13.787" endtime="20221115 17:06:14.278"/>
</kw>
<kw name="Log To Console" library="BuiltIn">
<arg>${Response.status_code}</arg>
<doc>Logs the given message to the console.</doc>
<status status="PASS" starttime="20221115 17:06:14.279" endtime="20221115 17:06:14.281"/>
</kw>
<kw name="Log To Console" library="BuiltIn">
<arg>${Response.content}</arg>
<doc>Logs the given message to the console.</doc>
<status status="PASS" starttime="20221115 17:06:14.281" endtime="20221115 17:06:14.282"/>
</kw>
<kw name="Should Be Equal As Strings" library="BuiltIn">
<arg>${Response.status_code}</arg>
<arg>200</arg>
<doc>Fails if objects are unequal after converting them to strings.</doc>
<msg timestamp="20221115 17:06:14.283" level="INFO">Argument types are:
&lt;class 'int'&gt;
&lt;class 'str'&gt;</msg>
<status status="PASS" starttime="20221115 17:06:14.282" endtime="20221115 17:06:14.283"/>
</kw>
<kw name="Should Be Equal" library="BuiltIn">
<arg>${Response.json()}[status]</arg>
<arg>false</arg>
<doc>Fails if the given objects are unequal.</doc>
<status status="PASS" starttime="20221115 17:06:14.283" endtime="20221115 17:06:14.284"/>
</kw>
<status status="PASS" starttime="20221115 17:06:13.784" endtime="20221115 17:06:14.284"/>
</test>
<status status="PASS" starttime="20221115 17:06:13.317" endtime="20221115 17:06:14.286"/>
</suite>
<statistics>
<total>
<stat pass="1" fail="0" skip="0">All Tests</stat>
</total>
<tag>
</tag>
<suite>
<stat pass="1" fail="0" skip="0" id="s1" name="TC 003 Get Request Validate Response">TC 003 Get Request Validate Response</stat>
</suite>
</statistics>
<errors>
</errors>
</robot>
